<?xml version="1.0" encoding="UTF-8"?>
<!-- Generated by org.testng.reporters.JUnitXMLReporter -->
<testsuite hostname="5CG6333HFM" ignored="0" name="SecondTest" tests="3" failures="2" timestamp="25 Feb 2019 07:53:24 GMT" time="0.066" errors="0">
  <testcase name="test1" time="0.0" classname="TestNGExamples.TestNGparameters">
    <failure type="org.testng.TestNGException" message="
Parameter &amp;apos;Browser&amp;apos; is required by @Test on method test1 but has not been marked @Optional or defined
in C:\Users\ab64129\Desktop\testautomationprojects-master\AutomationPractice\testng1.xml">
      <![CDATA[org.testng.TestNGException: 
Parameter 'Browser' is required by @Test on method test1 but has not been marked @Optional or defined
in C:\Users\ab64129\Desktop\testautomationprojects-master\AutomationPractice\testng1.xml
at java.util.concurrent.FutureTask.run(FutureTask.java:266)
at java.util.concurrent.ThreadPoolExecutor.runWorker(ThreadPoolExecutor.java:1149)
at java.util.concurrent.ThreadPoolExecutor$Worker.run(ThreadPoolExecutor.java:624)
at java.lang.Thread.run(Thread.java:748)
... Removed 15 stack frames]]>
    </failure>
  </testcase> <!-- test1 -->
  <testcase name="test2" time="0.0" classname="TestNGExamples.TestNGparameters">
    <failure type="org.testng.TestNGException" message="
Parameter &amp;apos;Browser&amp;apos; is required by @Test on method test2 but has not been marked @Optional or defined
in C:\Users\ab64129\Desktop\testautomationprojects-master\AutomationPractice\testng1.xml">
      <![CDATA[org.testng.TestNGException: 
Parameter 'Browser' is required by @Test on method test2 but has not been marked @Optional or defined
in C:\Users\ab64129\Desktop\testautomationprojects-master\AutomationPractice\testng1.xml
at java.util.concurrent.FutureTask.run(FutureTask.java:266)
at java.util.concurrent.ThreadPoolExecutor.runWorker(ThreadPoolExecutor.java:1149)
at java.util.concurrent.ThreadPoolExecutor$Worker.run(ThreadPoolExecutor.java:624)
at java.lang.Thread.run(Thread.java:748)
... Removed 15 stack frames]]>
    </failure>
  </testcase> <!-- test2 -->
  <testcase name="test3" time="0.001" classname="TestNGExamples.TestNGparameters"/>
</testsuite> <!-- SecondTest -->
